モデル セルオートマトンモデル の開始: 2018-12-05 19:01:30
stay
stay
stay
stay
stay
stay
stay
stay
stay
stay
stay
stay
stay
stay
stay
stay
stay
stay
stay
stay
stay
stay
stay
stay
stay
stay
stay
stay
stay
stay
stay
stay
stay
stay
stay
stay
stay
stay
stay
stay
stay
stay
stay
stay
stay
stay
stay
stay
stay
stay
stay
stay
stay
stay
stay
stay
stay
stay
stay
stay
stay
stay
stay
stay
stay
stay
stay
stay
stay
stay
stay
stay
stay
stay
stay
stay
stay
stay
stay
stay
stay
stay
stay
stay
stay
stay
stay
stay
stay
stay
stay
stay
stay
stay
stay
stay
stay
stay
stay
stay
stay
stay
stay
stay
stay
stay
stay
stay
stay
stay
stay
stay
stay
stay
stay
stay
stay
stay
stay
stay
stay
stay
stay
stay
stay
stay
stay
stay
stay
stay
stay
stay
stay
stay
stay
stay
stay
stay
stay
stay
stay
stay
stay
stay
stay
stay
stay
stay
stay
stay
stay
stay
stay
stay
stay
stay
stay
stay
stay
stay
stay
stay
stay
stay
stay
stay
stay
stay
stay
stay
stay
stay
0
エージェント画面の終了待ち受け...
モデル セルオートマトンモデル の終了: 2018-12-05 19:02:20
