モデル AGV(エージェントシミュレーション) の開始: 2018-11-28 13:25:29
エージェント0が製品置場0からアイテムを取得しました(1.255931)
エージェント0が製品置場0へアイテムを配置しました(2.255931)
エージェント1が製品置場2からアイテムを取得しました(2.831450)
エージェント0が製品置場0からアイテムを取得しました(3.255931)
エージェント1が製品置場2へアイテムを配置しました(3.831450)
エージェント0が製品置場0へアイテムを配置しました(4.255931)
エージェント1が製品置場0からアイテムを取得しました(5.245664)
エージェント1が製品置場0へアイテムを配置しました(6.245664)
エージェント0が製品置場0からアイテムを取得しました(6.532225)
エージェント0が製品置場0へアイテムを配置しました(7.532225)
エージェント1が製品置場2からアイテムを取得しました(7.659877)
エージェント1が製品置場2へアイテムを配置しました(8.659877)
エージェント0が製品置場2からアイテムを取得しました(8.946439)
エージェント1が製品置場2からアイテムを取得しました(9.659877)
エージェント0が製品置場2へアイテムを配置しました(9.946439)
エージェント1が製品置場2へアイテムを配置しました(10.659877)
エージェント0が製品置場0からアイテムを取得しました(11.360653)
エージェント1が製品置場0からアイテムを取得しました(12.074091)
エージェント0が製品置場0へアイテムを配置しました(12.360653)
エージェント1が製品置場0へアイテムを配置しました(13.074091)
エージェント1が製品置場2からアイテムを取得しました(14.488304)
エージェント0が製品置場0からアイテムを取得しました(14.763189)
エージェント1が製品置場2へアイテムを配置しました(15.488304)
エージェント0が製品置場0へアイテムを配置しました(15.763189)
エージェント1が製品置場2からアイテムを取得しました(16.488304)
エージェント1が製品置場2へアイテムを配置しました(17.488304)
エージェント0が製品置場2からアイテムを取得しました(18.657610)
エージェント1が製品置場0からアイテムを取得しました(18.902518)
エージェント0が製品置場2へアイテムを配置しました(19.657610)
エージェント1が製品置場0へアイテムを配置しました(19.902518)
エージェント1が製品置場0からアイテムを取得しました(20.902518)
エージェント0が製品置場0からアイテムを取得しました(21.071823)
エージェント1が製品置場0へアイテムを配置しました(21.902518)
エージェント0が製品置場0へアイテムを配置しました(22.071823)
エージェント1が製品置場0からアイテムを取得しました(22.902518)
エージェント0が製品置場0からアイテムを取得しました(23.071823)
エージェント1が製品置場0へアイテムを配置しました(23.902518)
エージェント0が製品置場0へアイテムを配置しました(24.071823)
エージェント0が製品置場0からアイテムを取得しました(25.071823)
エージェント1が製品置場2からアイテムを取得しました(25.316731)
エージェント0が製品置場0へアイテムを配置しました(26.071823)
エージェント1が製品置場2へアイテムを配置しました(26.316731)
エージェント0が製品置場0からアイテムを取得しました(27.071823)
エージェント1が製品置場2からアイテムを取得しました(27.316731)
エージェント0が製品置場0へアイテムを配置しました(28.071823)
エージェント1が製品置場2へアイテムを配置しました(28.316731)
エージェント0が製品置場0からアイテムを取得しました(29.071823)
エージェント1が製品置場2からアイテムを取得しました(29.316731)
エージェント0が製品置場0へアイテムを配置しました(30.071823)
エージェント1が製品置場2へアイテムを配置しました(30.316731)
エージェント0が製品置場0からアイテムを取得しました(31.071823)
エージェント1が製品置場2からアイテムを取得しました(31.316731)
エージェント0が製品置場0へアイテムを配置しました(32.071823)
エージェント1が製品置場2へアイテムを配置しました(32.316731)
エージェント0が製品置場0からアイテムを取得しました(33.071823)
エージェント1が製品置場2からアイテムを取得しました(33.316731)
エージェント0が製品置場0へアイテムを配置しました(34.071823)
エージェント1が製品置場2へアイテムを配置しました(34.316731)
エージェント0が製品置場0からアイテムを取得しました(35.071823)
エージェント1が製品置場2からアイテムを取得しました(35.316731)
エージェント0が製品置場0へアイテムを配置しました(36.071823)
エージェント1が製品置場2へアイテムを配置しました(36.316731)
エージェント0が製品置場0からアイテムを取得しました(37.071823)
エージェント1が製品置場2からアイテムを取得しました(37.316731)
エージェント0が製品置場0へアイテムを配置しました(38.071823)
エージェント1が製品置場2へアイテムを配置しました(38.316731)
エージェント0が製品置場0からアイテムを取得しました(39.071823)
エージェント1が製品置場2からアイテムを取得しました(39.316731)
エージェント0が製品置場0へアイテムを配置しました(40.071823)
エージェント1が製品置場2へアイテムを配置しました(40.316731)
エージェント0が製品置場0からアイテムを取得しました(41.071823)
エージェント1が製品置場2からアイテムを取得しました(41.316731)
エージェント0が製品置場0へアイテムを配置しました(42.071823)
エージェント1が製品置場2へアイテムを配置しました(42.316731)
エージェント0が製品置場0からアイテムを取得しました(43.071823)
エージェント1が製品置場2からアイテムを取得しました(43.316731)
エージェント0が製品置場0へアイテムを配置しました(44.071823)
エージェント1が製品置場2へアイテムを配置しました(44.316731)
エージェント0が製品置場0からアイテムを取得しました(45.071823)
エージェント1が製品置場2からアイテムを取得しました(45.316731)
エージェント0が製品置場0へアイテムを配置しました(46.071823)
エージェント1が製品置場2へアイテムを配置しました(46.316731)
エージェント0が製品置場0からアイテムを取得しました(47.071823)
エージェント1が製品置場2からアイテムを取得しました(47.316731)
エージェント0が製品置場0へアイテムを配置しました(48.071823)
エージェント1が製品置場2へアイテムを配置しました(48.316731)
エージェント0が製品置場0からアイテムを取得しました(49.071823)
エージェント1が製品置場2からアイテムを取得しました(49.316731)
エージェント0が製品置場0へアイテムを配置しました(50.071823)
エージェント1が製品置場2へアイテムを配置しました(50.316731)
エージェント0が製品置場0からアイテムを取得しました(51.071823)
エージェント1が製品置場2からアイテムを取得しました(51.316731)
エージェント0が製品置場0へアイテムを配置しました(52.071823)
エージェント1が製品置場2へアイテムを配置しました(52.316731)
エージェント0が製品置場0からアイテムを取得しました(53.071823)
エージェント1が製品置場2からアイテムを取得しました(53.316731)
エージェント0が製品置場0へアイテムを配置しました(54.071823)
エージェント1が製品置場2へアイテムを配置しました(54.316731)
エージェント0が製品置場0からアイテムを取得しました(55.071823)
エージェント1が製品置場2からアイテムを取得しました(55.316731)
エージェント0が製品置場0へアイテムを配置しました(56.071823)
エージェント1が製品置場2へアイテムを配置しました(56.316731)
エージェント0が製品置場0からアイテムを取得しました(57.071823)
エージェント1が製品置場2からアイテムを取得しました(57.316731)
エージェント0が製品置場0へアイテムを配置しました(58.071823)
エージェント1が製品置場2へアイテムを配置しました(58.316731)
0
モデル AGV(エージェントシミュレーション) の終了: 2018-11-28 13:25:41
